<?xml version="1.0" encoding="UTF-8"?>
<!-- Generated by org.testng.reporters.JUnitXMLReporter -->
<testsuite ignored="0" hostname="DESKTOP-KU2KOEA" failures="0" tests="6" name="Default test" time="0.048" errors="0" timestamp="2022-04-19T14:16:21 EDT">
  <testcase classname="selenium.Testing1" name="test1" time="0.005"/>
  <testcase classname="selenium.Testing1" name="test1" time="0.001"/>
  <testcase classname="selenium.Testing1" name="test2" time="0.0"/>
  <testcase classname="selenium.Testing1" name="test3" time="0.001"/>
  <testcase classname="selenium.Testing1" name="testDataProvider" time="0.001"/>
  <testcase classname="selenium.Testing1" name="testDataProvider" time="0.001"/>
</testsuite> <!-- Default test -->
