<?xml version="1.0" encoding="UTF-8"?>
<!-- Generated by org.testng.reporters.JUnitXMLReporter -->
<testsuite ignored="3" hostname="DESKTOP-KU2KOEA" failures="0" tests="3" name="GRP-smoke,sanity" time="0.132" errors="0" timestamp="2022-04-02T09:54:12 EDT">
  <testcase classname="selenium.Testing2" name="test4" time="0.013"/>
  <testcase classname="selenium.Testing2" name="test5" time="0.002"/>
  <testcase classname="selenium.Testing1" name="test2" time="0.005"/>
  <testcase classname="selenium.Testing1" name="testDataProvider" time="0.0">
    <ignored/>
  </testcase> <!-- testDataProvider -->
  <testcase classname="selenium.Testing1" name="test1" time="0.0">
    <ignored/>
  </testcase> <!-- test1 -->
  <testcase classname="selenium.Testing1" name="test3" time="0.0">
    <ignored/>
  </testcase> <!-- test3 -->
</testsuite> <!-- GRP-smoke,sanity -->
