<?xml version="1.0" encoding="UTF-8"?>
<testng-results ignored="0" total="6" passed="6" failed="0" skipped="0">
  <reporter-output>
  </reporter-output>
  <suite started-at="2022-04-19T14:16:21 EDT" name="Default suite" finished-at="2022-04-19T14:16:21 EDT" duration-ms="48">
    <groups>
      <group name="smoke">
        <method signature="Testing1.test2()[pri:0, instance:selenium.Testing1@73700b80]" name="test2" class="selenium.Testing1"/>
      </group> <!-- smoke -->
      <group name="sanity">
        <method signature="Testing1.test2()[pri:0, instance:selenium.Testing1@73700b80]" name="test2" class="selenium.Testing1"/>
      </group> <!-- sanity -->
    </groups>
    <test started-at="2022-04-19T14:16:21 EDT" name="Default test" finished-at="2022-04-19T14:16:21 EDT" duration-ms="48">
      <class name="selenium.Testing1">
        <test-method is-config="true" signature="beforeSuite()[pri:0, instance:selenium.Testing1@73700b80]" started-at="2022-04-19T14:16:21 EDT" name="beforeSuite" finished-at="2022-04-19T14:16:21 EDT" duration-ms="5" status="PASS">
          <reporter-output>
          </reporter-output>
        </test-method> <!-- beforeSuite -->
        <test-method is-config="true" signature="beforeTest()[pri:0, instance:selenium.Testing1@73700b80]" started-at="2022-04-19T14:16:21 EDT" name="beforeTest" finished-at="2022-04-19T14:16:21 EDT" duration-ms="1" status="PASS">
          <reporter-output>
          </reporter-output>
        </test-method> <!-- beforeTest -->
        <test-method is-config="true" signature="beforeClass()[pri:0, instance:selenium.Testing1@73700b80]" started-at="2022-04-19T14:16:21 EDT" name="beforeClass" finished-at="2022-04-19T14:16:21 EDT" duration-ms="0" status="PASS">
          <reporter-output>
          </reporter-output>
        </test-method> <!-- beforeClass -->
        <test-method is-config="true" signature="beforeMethod()[pri:0, instance:selenium.Testing1@73700b80]" started-at="2022-04-19T14:16:21 EDT" name="beforeMethod" finished-at="2022-04-19T14:16:21 EDT" duration-ms="0" status="PASS">
          <reporter-output>
          </reporter-output>
        </test-method> <!-- beforeMethod -->
        <test-method signature="test1(java.lang.Integer,java.lang.String)[pri:0, instance:selenium.Testing1@73700b80]" started-at="2022-04-19T14:16:21 EDT" name="test1" data-provider="dp" finished-at="2022-04-19T14:16:21 EDT" duration-ms="5" status="PASS">
          <params>
            <param index="0">
              <value>
                <![CDATA[1]]>
              </value>
            </param>
            <param index="1">
              <value>
                <![CDATA[a]]>
              </value>
            </param>
          </params>
          <reporter-output>
          </reporter-output>
        </test-method> <!-- test1 -->
        <test-method is-config="true" signature="afterMethod()[pri:0, instance:selenium.Testing1@73700b80]" started-at="2022-04-19T14:16:21 EDT" name="afterMethod" finished-at="2022-04-19T14:16:21 EDT" duration-ms="1" status="PASS">
          <reporter-output>
          </reporter-output>
        </test-method> <!-- afterMethod -->
        <test-method signature="test1(java.lang.Integer,java.lang.String)[pri:0, instance:selenium.Testing1@73700b80]" started-at="2022-04-19T14:16:21 EDT" name="test1" data-provider="dp" finished-at="2022-04-19T14:16:21 EDT" duration-ms="1" status="PASS">
          <params>
            <param index="0">
              <value>
                <![CDATA[2]]>
              </value>
            </param>
            <param index="1">
              <value>
                <![CDATA[b]]>
              </value>
            </param>
          </params>
          <reporter-output>
          </reporter-output>
        </test-method> <!-- test1 -->
        <test-method is-config="true" signature="beforeMethod()[pri:0, instance:selenium.Testing1@73700b80]" started-at="2022-04-19T14:16:21 EDT" name="beforeMethod" finished-at="2022-04-19T14:16:21 EDT" duration-ms="0" status="PASS">
          <reporter-output>
          </reporter-output>
        </test-method> <!-- beforeMethod -->
        <test-method is-config="true" signature="afterMethod()[pri:0, instance:selenium.Testing1@73700b80]" started-at="2022-04-19T14:16:21 EDT" name="afterMethod" finished-at="2022-04-19T14:16:21 EDT" duration-ms="0" status="PASS">
          <reporter-output>
          </reporter-output>
        </test-method> <!-- afterMethod -->
        <test-method is-config="true" signature="beforeMethod()[pri:0, instance:selenium.Testing1@73700b80]" started-at="2022-04-19T14:16:21 EDT" name="beforeMethod" finished-at="2022-04-19T14:16:21 EDT" duration-ms="0" status="PASS">
          <reporter-output>
          </reporter-output>
        </test-method> <!-- beforeMethod -->
        <test-method signature="test2()[pri:0, instance:selenium.Testing1@73700b80]" started-at="2022-04-19T14:16:21 EDT" name="test2" finished-at="2022-04-19T14:16:21 EDT" duration-ms="0" status="PASS">
          <reporter-output>
          </reporter-output>
        </test-method> <!-- test2 -->
        <test-method is-config="true" signature="afterMethod()[pri:0, instance:selenium.Testing1@73700b80]" started-at="2022-04-19T14:16:21 EDT" name="afterMethod" finished-at="2022-04-19T14:16:21 EDT" duration-ms="0" status="PASS">
          <reporter-output>
          </reporter-output>
        </test-method> <!-- afterMethod -->
        <test-method signature="test3()[pri:0, instance:selenium.Testing1@73700b80]" started-at="2022-04-19T14:16:21 EDT" name="test3" finished-at="2022-04-19T14:16:21 EDT" duration-ms="1" status="PASS">
          <reporter-output>
          </reporter-output>
        </test-method> <!-- test3 -->
        <test-method is-config="true" signature="beforeMethod()[pri:0, instance:selenium.Testing1@73700b80]" started-at="2022-04-19T14:16:21 EDT" name="beforeMethod" finished-at="2022-04-19T14:16:21 EDT" duration-ms="0" status="PASS">
          <reporter-output>
          </reporter-output>
        </test-method> <!-- beforeMethod -->
        <test-method is-config="true" signature="afterMethod()[pri:0, instance:selenium.Testing1@73700b80]" started-at="2022-04-19T14:16:21 EDT" name="afterMethod" finished-at="2022-04-19T14:16:21 EDT" duration-ms="0" status="PASS">
          <reporter-output>
          </reporter-output>
        </test-method> <!-- afterMethod -->
        <test-method is-config="true" signature="beforeMethod()[pri:0, instance:selenium.Testing1@73700b80]" started-at="2022-04-19T14:16:21 EDT" name="beforeMethod" finished-at="2022-04-19T14:16:21 EDT" duration-ms="0" status="PASS">
          <reporter-output>
          </reporter-output>
        </test-method> <!-- beforeMethod -->
        <test-method signature="testDataProvider(java.lang.Integer,java.lang.String)[pri:0, instance:selenium.Testing1@73700b80]" started-at="2022-04-19T14:16:21 EDT" name="testDataProvider" data-provider="dp" finished-at="2022-04-19T14:16:21 EDT" duration-ms="1" status="PASS">
          <params>
            <param index="0">
              <value>
                <![CDATA[1]]>
              </value>
            </param>
            <param index="1">
              <value>
                <![CDATA[a]]>
              </value>
            </param>
          </params>
          <reporter-output>
          </reporter-output>
        </test-method> <!-- testDataProvider -->
        <test-method is-config="true" signature="afterMethod()[pri:0, instance:selenium.Testing1@73700b80]" started-at="2022-04-19T14:16:21 EDT" name="afterMethod" finished-at="2022-04-19T14:16:21 EDT" duration-ms="1" status="PASS">
          <reporter-output>
          </reporter-output>
        </test-method> <!-- afterMethod -->
        <test-method is-config="true" signature="beforeMethod()[pri:0, instance:selenium.Testing1@73700b80]" started-at="2022-04-19T14:16:21 EDT" name="beforeMethod" finished-at="2022-04-19T14:16:21 EDT" duration-ms="0" status="PASS">
          <reporter-output>
          </reporter-output>
        </test-method> <!-- beforeMethod -->
        <test-method signature="testDataProvider(java.lang.Integer,java.lang.String)[pri:0, instance:selenium.Testing1@73700b80]" started-at="2022-04-19T14:16:21 EDT" name="testDataProvider" data-provider="dp" finished-at="2022-04-19T14:16:21 EDT" duration-ms="1" status="PASS">
          <params>
            <param index="0">
              <value>
                <![CDATA[2]]>
              </value>
            </param>
            <param index="1">
              <value>
                <![CDATA[b]]>
              </value>
            </param>
          </params>
          <reporter-output>
          </reporter-output>
        </test-method> <!-- testDataProvider -->
        <test-method is-config="true" signature="afterMethod()[pri:0, instance:selenium.Testing1@73700b80]" started-at="2022-04-19T14:16:21 EDT" name="afterMethod" finished-at="2022-04-19T14:16:21 EDT" duration-ms="0" status="PASS">
          <reporter-output>
          </reporter-output>
        </test-method> <!-- afterMethod -->
        <test-method is-config="true" signature="afterClass()[pri:0, instance:selenium.Testing1@73700b80]" started-at="2022-04-19T14:16:21 EDT" name="afterClass" finished-at="2022-04-19T14:16:21 EDT" duration-ms="0" status="PASS">
          <reporter-output>
          </reporter-output>
        </test-method> <!-- afterClass -->
        <test-method is-config="true" signature="afterTest()[pri:0, instance:selenium.Testing1@73700b80]" started-at="2022-04-19T14:16:21 EDT" name="afterTest" finished-at="2022-04-19T14:16:21 EDT" duration-ms="1" status="PASS">
          <reporter-output>
          </reporter-output>
        </test-method> <!-- afterTest -->
        <test-method is-config="true" signature="afterSuite()[pri:0, instance:selenium.Testing1@73700b80]" started-at="2022-04-19T14:16:21 EDT" name="afterSuite" finished-at="2022-04-19T14:16:21 EDT" duration-ms="0" status="PASS">
          <reporter-output>
          </reporter-output>
        </test-method> <!-- afterSuite -->
      </class> <!-- selenium.Testing1 -->
    </test> <!-- Default test -->
  </suite> <!-- Default suite -->
</testng-results>
